Jan-12 18:35:01.519 [main] DEBUG nextflow.cli.Launcher - $> nextflow run main.nf --input /home/nboev/projects/def-sushant/nboev/preprocess/CPTAC-3/BrainCancer/wgs_alt/aa44f64c-570f-464d-9750-0e1eeede6f45/CPTAC-3.90e5a56c-003c-45b1-9773-e6efc7a51cec.wgs.tumor_normal.gatk4_mutect2.raw_somatic_mutation.vcf --output_dir /home/nboev/scratch/CPTAC-3/BrainCancer/wgs/aa44f64c-570f-464d-9750-0e1eeede6f45 -resume
Jan-12 18:35:01.819 [main] DEBUG nextflow.cli.CmdRun - N E X T F L O W  ~  version 25.10.2
Jan-12 18:35:01.836 [main] DEBUG nextflow.plugin.PluginsFacade - Setting up plugin manager > mode=prod; embedded=false; plugins-dir=/home/nboev/.nextflow/plugins; core-plugins: nf-amazon@3.4.2,nf-azure@1.20.2,nf-cloudcache@0.5.0,nf-codecommit@0.5.0,nf-console@1.3.0,nf-google@1.23.3,nf-k8s@1.2.2,nf-tower@1.17.3,nf-wave@1.16.1
Jan-12 18:35:01.859 [main] INFO  o.pf4j.DefaultPluginStatusProvider - Enabled plugins: []
Jan-12 18:35:01.861 [main] INFO  o.pf4j.DefaultPluginStatusProvider - Disabled plugins: []
Jan-12 18:35:01.863 [main] INFO  org.pf4j.DefaultPluginManager - PF4J version 3.12.0 in 'deployment' mode
Jan-12 18:35:01.876 [main] DEBUG nextflow.util.RetryConfig - Missing nextflow session - using default retry config
Jan-12 18:35:01.979 [main] INFO  org.pf4j.AbstractPluginManager - No plugins
Jan-12 18:35:02.048 [main] DEBUG nextflow.plugin.PluginsFacade - Plugins default=[]
Jan-12 18:35:02.048 [main] DEBUG nextflow.plugin.PluginsFacade - Plugins resolved requirement=[]
Jan-12 18:35:02.059 [main] DEBUG n.secret.LocalSecretsProvider - Secrets store: /home/nboev/.nextflow/secrets/store.json
Jan-12 18:35:02.169 [main] DEBUG nextflow.secret.SecretsLoader - Discovered secrets providers: [nextflow.secret.LocalSecretsProvider@5cdf39b2] - activable => nextflow.secret.LocalSecretsProvider@5cdf39b2
Jan-12 18:35:02.173 [main] DEBUG nextflow.cli.CmdRun - Applied DSL=2 from script declaration
Jan-12 18:35:02.184 [main] DEBUG nextflow.cli.CmdRun - Launching `main.nf` [goofy_plateau] DSL2 - revision: c8ef18966c
Jan-12 18:35:02.226 [main] DEBUG nextflow.Session - Session UUID: 39f9dbfb-b971-4606-84b3-71eaf728334f
Jan-12 18:35:02.226 [main] DEBUG nextflow.Session - Run name: goofy_plateau
Jan-12 18:35:02.226 [main] DEBUG nextflow.Session - Executor pool size: 2
Jan-12 18:35:02.233 [main] DEBUG nextflow.file.FilePorter - File porter settings maxRetries=3; maxTransfers=50; pollTimeout=null
Jan-12 18:35:02.237 [main] DEBUG nextflow.util.ThreadPoolBuilder - Creating thread pool 'FileTransfer' minSize=10; maxSize=10; workQueue=LinkedBlockingQueue[-1]; allowCoreThreadTimeout=false
Jan-12 18:35:02.256 [main] DEBUG nextflow.cli.CmdRun - 
  Version: 25.10.2 build 10555
  Created: 28-11-2025 19:24 UTC (14:24 EDT)
  System: Linux 5.14.0-570.44.1.el9_6.x86_64
  Runtime: Groovy 4.0.28 on OpenJDK 64-Bit Server VM 21.0.1+12-29
  Encoding: UTF-8 (UTF-8)
  Process: 592909@l1.nibi.sharcnet [10.39.0.11]
  CPUs: 1 - Mem: 251.7 GB (8.7 GB) - Swap: 32 GB (28.4 GB)
Jan-12 18:35:02.322 [main] DEBUG nextflow.Session - Work-dir: /project/6069023/nboev/scripts/work [nfs]
Jan-12 18:35:02.323 [main] DEBUG nextflow.Session - Script base path does not exist or is not a directory: /project/6069023/nboev/scripts/bin
Jan-12 18:35:02.330 [main] DEBUG nextflow.executor.ExecutorFactory - Extension executors providers=[]
Jan-12 18:35:02.337 [main] DEBUG nextflow.Session - Observer factory (v2): LinObserverFactory
Jan-12 18:35:02.340 [main] DEBUG nextflow.Session - Observer factory (v2): DefaultObserverFactory
Jan-12 18:35:02.375 [main] DEBUG nextflow.cache.CacheFactory - Using Nextflow cache factory: nextflow.cache.DefaultCacheFactory
Jan-12 18:35:02.383 [main] DEBUG nextflow.util.CustomThreadPool - Creating default thread pool > poolSize: 2; maxThreads: 1000
Jan-12 18:35:02.487 [main] DEBUG nextflow.Session - Session start
Jan-12 18:35:03.146 [main] DEBUG nextflow.script.ScriptRunner - > Launching execution
Jan-12 18:35:03.279 [main] DEBUG nextflow.executor.ExecutorFactory - << taskConfig executor: null
Jan-12 18:35:03.279 [main] DEBUG nextflow.executor.ExecutorFactory - >> processorType: 'local'
Jan-12 18:35:03.287 [main] DEBUG nextflow.executor.Executor - [warm up] executor > local
Jan-12 18:35:03.293 [main] DEBUG n.processor.LocalPollingMonitor - Creating local task monitor for executor 'local' > cpus=1; memory=251.7 GB; capacity=1; pollInterval=100ms; dumpInterval=5m
Jan-12 18:35:03.295 [main] DEBUG n.processor.TaskPollingMonitor - >>> barrier register (monitor: local)
Jan-12 18:35:03.322 [main] DEBUG nextflow.processor.TaskProcessor - Creating process 'FILTER_SNV': maxForks=0; fair=false; array=0
Jan-12 18:35:03.539 [main] DEBUG nextflow.executor.ExecutorFactory - << taskConfig executor: null
Jan-12 18:35:03.539 [main] DEBUG nextflow.executor.ExecutorFactory - >> processorType: 'local'
Jan-12 18:35:03.540 [main] DEBUG nextflow.processor.TaskProcessor - Creating process 'ANNOT_VCF': maxForks=0; fair=false; array=0
Jan-12 18:35:03.548 [main] DEBUG nextflow.executor.ExecutorFactory - << taskConfig executor: null
Jan-12 18:35:03.549 [main] DEBUG nextflow.executor.ExecutorFactory - >> processorType: 'local'
Jan-12 18:35:03.550 [main] DEBUG nextflow.processor.TaskProcessor - Creating process 'SIGPROFILER': maxForks=0; fair=false; array=0
Jan-12 18:35:03.556 [main] DEBUG nextflow.executor.ExecutorFactory - << taskConfig executor: null
Jan-12 18:35:03.556 [main] DEBUG nextflow.executor.ExecutorFactory - >> processorType: 'local'
Jan-12 18:35:03.557 [main] DEBUG nextflow.processor.TaskProcessor - Creating process 'SNV_CONTEXT': maxForks=0; fair=false; array=0
Jan-12 18:35:03.559 [main] DEBUG nextflow.Session - Workflow process names [dsl2]: SIGPROFILER, ANNOT_VCF, SNV_CONTEXT, FILTER_SNV
Jan-12 18:35:03.561 [main] DEBUG nextflow.Session - Igniting dataflow network (5)
Jan-12 18:35:03.565 [main] DEBUG nextflow.processor.TaskProcessor - Starting process > FILTER_SNV
Jan-12 18:35:03.566 [main] DEBUG nextflow.processor.TaskProcessor - Starting process > ANNOT_VCF
Jan-12 18:35:03.566 [main] DEBUG nextflow.processor.TaskProcessor - Starting process > SIGPROFILER
Jan-12 18:35:03.566 [main] DEBUG nextflow.processor.TaskProcessor - Starting process > SNV_CONTEXT
Jan-12 18:35:03.566 [main] DEBUG nextflow.script.ScriptRunner - Parsed script files:
  Script_f13556854cdaee44: /project/6069023/nboev/scripts/main.nf
Jan-12 18:35:03.566 [main] DEBUG nextflow.script.ScriptRunner - > Awaiting termination 
Jan-12 18:35:03.566 [main] DEBUG nextflow.Session - Session await
Jan-12 18:35:03.706 [Actor Thread 3] INFO  nextflow.processor.TaskProcessor - [c1/e6533a] Cached process > FILTER_SNV (1)
Jan-12 18:35:03.733 [Actor Thread 3] DEBUG nextflow.util.ThreadPoolBuilder - Creating thread pool 'PublishDir' minSize=10; maxSize=10; workQueue=LinkedBlockingQueue[-1]; allowCoreThreadTimeout=false
Jan-12 18:35:03.772 [Actor Thread 3] DEBUG n.processor.TaskFileCollector - Process `ANNOT_VCF (2)` is unable to find [UnixPath]: `/project/6069023/nboev/scripts/work/82/d19cbaa2158c1f3519e61a97ce492f/CPTAC-3.90e5a56c-003c-45b1-9773-e6efc7a51cec.wgs.tumor_normal.gatk4_mutect2.raw_somatic_mutation.INDEL.recode.annotMotifPhast.vcf` (pattern: `CPTAC-3.90e5a56c-003c-45b1-9773-e6efc7a51cec.wgs.tumor_normal.gatk4_mutect2.raw_somatic_mutation.INDEL.recode.annotMotifPhast.vcf`)
Jan-12 18:35:03.772 [Actor Thread 1] DEBUG n.processor.TaskFileCollector - Process `ANNOT_VCF (1)` is unable to find [UnixPath]: `/project/6069023/nboev/scripts/work/96/a04083b2f0093171603f36f552d042/CPTAC-3.90e5a56c-003c-45b1-9773-e6efc7a51cec.wgs.tumor_normal.gatk4_mutect2.raw_somatic_mutation.SNV.recode.annotMotifPhast.vcf` (pattern: `CPTAC-3.90e5a56c-003c-45b1-9773-e6efc7a51cec.wgs.tumor_normal.gatk4_mutect2.raw_somatic_mutation.SNV.recode.annotMotifPhast.vcf`)
Jan-12 18:35:03.782 [Actor Thread 1] DEBUG n.processor.TaskFileCollector - Process `ANNOT_VCF (1)` is unable to find [UnixPath]: `/project/6069023/nboev/scripts/work/bb/2d2cc7252f306ddd24fd41ce067f42/CPTAC-3.90e5a56c-003c-45b1-9773-e6efc7a51cec.wgs.tumor_normal.gatk4_mutect2.raw_somatic_mutation.SNV.recode.annotMotifPhast.vcf` (pattern: `CPTAC-3.90e5a56c-003c-45b1-9773-e6efc7a51cec.wgs.tumor_normal.gatk4_mutect2.raw_somatic_mutation.SNV.recode.annotMotifPhast.vcf`)
Jan-12 18:35:03.783 [Actor Thread 3] DEBUG n.processor.TaskFileCollector - Process `ANNOT_VCF (2)` is unable to find [UnixPath]: `/project/6069023/nboev/scripts/work/3f/6276e7a8dbbb4ea2e179af1da63002/CPTAC-3.90e5a56c-003c-45b1-9773-e6efc7a51cec.wgs.tumor_normal.gatk4_mutect2.raw_somatic_mutation.INDEL.recode.annotMotifPhast.vcf` (pattern: `CPTAC-3.90e5a56c-003c-45b1-9773-e6efc7a51cec.wgs.tumor_normal.gatk4_mutect2.raw_somatic_mutation.INDEL.recode.annotMotifPhast.vcf`)
Jan-12 18:35:03.834 [Task submitter] DEBUG n.executor.local.LocalTaskHandler - Launch cmd line: /bin/bash -ue .command.run
Jan-12 18:35:03.836 [Task submitter] INFO  nextflow.Session - [7b/8098e6] Submitted process > ANNOT_VCF (2)
Jan-12 18:36:14.169 [Task monitor] DEBUG n.processor.TaskPollingMonitor - Task completed > TaskHandler[id: 3; name: ANNOT_VCF (2); status: COMPLETED; exit: 0; error: -; workDir: /project/6069023/nboev/scripts/work/7b/8098e63c76437a437ad84635e319c9]
Jan-12 18:36:14.171 [Task monitor] DEBUG nextflow.util.ThreadPoolBuilder - Creating thread pool 'TaskFinalizer' minSize=10; maxSize=10; workQueue=LinkedBlockingQueue[-1]; allowCoreThreadTimeout=false
Jan-12 18:36:14.188 [Task submitter] DEBUG n.executor.local.LocalTaskHandler - Launch cmd line: /bin/bash -ue .command.run
Jan-12 18:36:14.188 [Task submitter] INFO  nextflow.Session - [9a/40b347] Submitted process > ANNOT_VCF (1)
Jan-12 18:36:53.327 [Task monitor] DEBUG n.processor.TaskPollingMonitor - Task completed > TaskHandler[id: 2; name: ANNOT_VCF (1); status: COMPLETED; exit: 0; error: -; workDir: /project/6069023/nboev/scripts/work/9a/40b347505019d235c0e21ceb8bf9f2]
Jan-12 18:36:53.366 [Task submitter] DEBUG n.executor.local.LocalTaskHandler - Launch cmd line: /bin/bash -ue .command.run
Jan-12 18:36:53.367 [Task submitter] INFO  nextflow.Session - [e5/b7c285] Submitted process > SIGPROFILER (SNV)
Jan-12 18:37:28.973 [Task monitor] DEBUG n.processor.TaskPollingMonitor - Task completed > TaskHandler[id: 4; name: SIGPROFILER (SNV); status: COMPLETED; exit: 0; error: -; workDir: /project/6069023/nboev/scripts/work/e5/b7c2856fe2afcfa11cbec0a5b2fb2a]
Jan-12 18:37:28.987 [Task submitter] DEBUG n.executor.local.LocalTaskHandler - Launch cmd line: /bin/bash -ue .command.run
Jan-12 18:37:28.987 [Task submitter] INFO  nextflow.Session - [75/d4e69f] Submitted process > SIGPROFILER (INDEL)
Jan-12 18:38:06.012 [Task monitor] DEBUG n.processor.TaskPollingMonitor - Task completed > TaskHandler[id: 5; name: SIGPROFILER (INDEL); status: COMPLETED; exit: 0; error: -; workDir: /project/6069023/nboev/scripts/work/75/d4e69f492344156c4b1c0b17bbef69]
Jan-12 18:38:06.052 [Task submitter] DEBUG n.executor.local.LocalTaskHandler - Launch cmd line: /bin/bash -ue .command.run
Jan-12 18:38:06.052 [Task submitter] INFO  nextflow.Session - [31/511926] Submitted process > SNV_CONTEXT (1)
Jan-12 18:38:08.039 [Task monitor] DEBUG n.processor.TaskPollingMonitor - Task completed > TaskHandler[id: 6; name: SNV_CONTEXT (1); status: COMPLETED; exit: 1; error: -; workDir: /project/6069023/nboev/scripts/work/31/51192652b12c80fa4a4239b4f26f44]
Jan-12 18:38:08.044 [TaskFinalizer-5] DEBUG nextflow.processor.TaskProcessor - Handling unexpected condition for
  task: name=SNV_CONTEXT (1); work-dir=/project/6069023/nboev/scripts/work/31/51192652b12c80fa4a4239b4f26f44
  error [nextflow.exception.ProcessFailedException]: Process `SNV_CONTEXT (1)` terminated with an error exit status (1)
Jan-12 18:38:08.056 [TaskFinalizer-5] ERROR nextflow.processor.TaskProcessor - Error executing process > 'SNV_CONTEXT (1)'

Caused by:
  Process `SNV_CONTEXT (1)` terminated with an error exit status (1)


Command executed:

  module load StdEnv/2023 python scipy-stack
  source ~/ENV/bin/activate
  python /project/6069023/nboev/scripts/process/mutcontextSNV.py CPTAC-3.90e5a56c-003c-45b1-9773-e6efc7a51cec.wgs.tumor_normal.gatk4_mutect2.raw_somatic_mutation.SNV.recode.annotMotifPhast.vcf Decomposed_Mutation_Probabilities_CPTAC-3.txt /home/nboev/projects/def-sushant/nboev/data/refgenome/Jellyfish/11mer_hg38/DNAShape/DNAShape_11.hg38.kmer.tsv /home/nboev/projects/def-sushant/nboev/data/refgenome/hg38.fa 5 >> mutcontextSNV.py.txt

Command exit status:
  1

Command output:
  (empty)

Command error:
  Traceback (most recent call last):
    File "/project/6069023/nboev/scripts/process/mutcontextSNV.py", line 64, in <module>
      processSNV(snv, ref_fasta,  flank_size)
    File "/project/6069023/nboev/scripts/process/mutcontextSNV.py", line 49, in processSNV
      add_wt_sequences(df, reference, flank_size)
    File "/project/6069023/nboev/scripts/process/mutcontextSNV.py", line 19, in add_wt_sequences
      df["WT_flankseq"] = df.apply(lambda row: seqmanip.extract_flanking_sequence(row, reference, flank_size)if row["REF"] in ["C", "T"] else seqmanip.reverse_complement(extract_flanking_sequence(row, reference, flank_size)) ,axis=1)
    File "/home/nboev/ENV/lib/python3.10/site-packages/pandas/core/frame.py", line 10037, in apply
      return op.apply().__finalize__(self, method="apply")
    File "/home/nboev/ENV/lib/python3.10/site-packages/pandas/core/apply.py", line 837, in apply
      return self.apply_standard()
    File "/home/nboev/ENV/lib/python3.10/site-packages/pandas/core/apply.py", line 963, in apply_standard
      results, res_index = self.apply_series_generator()
    File "/home/nboev/ENV/lib/python3.10/site-packages/pandas/core/apply.py", line 979, in apply_series_generator
      results[i] = self.func(v, *self.args, **self.kwargs)
    File "/project/6069023/nboev/scripts/process/mutcontextSNV.py", line 19, in <lambda>
      df["WT_flankseq"] = df.apply(lambda row: seqmanip.extract_flanking_sequence(row, reference, flank_size)if row["REF"] in ["C", "T"] else seqmanip.reverse_complement(extract_flanking_sequence(row, reference, flank_size)) ,axis=1)
  NameError: name 'extract_flanking_sequence' is not defined

Work dir:
  /project/6069023/nboev/scripts/work/31/51192652b12c80fa4a4239b4f26f44

Tip: view the complete command output by changing to the process work dir and entering the command `cat .command.out`
Jan-12 18:38:08.059 [main] DEBUG nextflow.Session - Session await > all processes finished
Jan-12 18:38:08.059 [TaskFinalizer-5] DEBUG nextflow.Session - Session aborted -- Cause: Process `SNV_CONTEXT (1)` terminated with an error exit status (1)
Jan-12 18:38:08.077 [TaskFinalizer-5] DEBUG n.trace.WorkflowStatsObserver - Workflow completed > WorkflowStats[succeededCount=4; failedCount=1; ignoredCount=0; cachedCount=1; pendingCount=0; submittedCount=0; runningCount=0; retriesCount=0; abortedCount=0; succeedDuration=3m 2s; failedDuration=1.9s; cachedDuration=783ms;loadCpus=0; loadMemory=0; peakRunning=1; peakCpus=1; peakMemory=0; ]
Jan-12 18:38:08.124 [Task monitor] DEBUG n.processor.TaskPollingMonitor - <<< barrier arrives (monitor: local) - terminating tasks monitor poll loop
Jan-12 18:38:08.124 [main] DEBUG nextflow.Session - Session await > all barriers passed
Jan-12 18:38:08.126 [main] DEBUG n.trace.WorkflowStatsObserver - Workflow completed > WorkflowStats[succeededCount=4; failedCount=1; ignoredCount=0; cachedCount=1; pendingCount=0; submittedCount=0; runningCount=0; retriesCount=0; abortedCount=0; succeedDuration=3m 2s; failedDuration=1.9s; cachedDuration=783ms;loadCpus=0; loadMemory=0; peakRunning=1; peakCpus=1; peakMemory=0; ]
Jan-12 18:38:08.126 [TaskFinalizer-5] DEBUG nextflow.Session - null
java.lang.InterruptedException: null
	at java.base/java.lang.Object.wait0(Native Method)
	at java.base/java.lang.Object.wait(Object.java:366)
	at java.base/java.lang.Thread.join(Thread.java:2078)
	at java.base/java.lang.Thread.join(Thread.java:2154)
	at nextflow.trace.AnsiLogObserver.onFlowComplete(AnsiLogObserver.groovy:520)
	at nextflow.Session$_notifyFlowComplete_lambda39.doCall(Session.groovy:1121)
	at nextflow.Session.notifyEvent(Session.groovy:1151)
	at nextflow.Session.notifyFlowComplete(Session.groovy:1121)
	at nextflow.Session.shutdown0(Session.groovy:779)
	at nextflow.Session.abort(Session.groovy:834)
	at nextflow.Session.fault(Session.groovy:796)
	at nextflow.processor.TaskPollingMonitor.finalizeTask(TaskPollingMonitor.groovy:753)
	at nextflow.processor.TaskPollingMonitor.safeFinalizeTask(TaskPollingMonitor.groovy:736)
	at java.base/jdk.internal.reflect.DirectMethodHandleAccessor.invoke(DirectMethodHandleAccessor.java:103)
	at java.base/java.lang.reflect.Method.invoke(Method.java:580)
	at org.codehaus.groovy.reflection.CachedMethod.invoke(CachedMethod.java:343)
	at groovy.lang.MetaMethod.doMethodInvoke(MetaMethod.java:328)
	at groovy.lang.MetaClassImpl.doInvokeMethod(MetaClassImpl.java:1339)
	at groovy.lang.MetaClassImpl.invokeMethod(MetaClassImpl.java:1094)
	at groovy.lang.MetaClassImpl.invokeMethod(MetaClassImpl.java:1007)
	at org.codehaus.groovy.runtime.InvokerHelper.invokePogoMethod(InvokerHelper.java:645)
	at org.codehaus.groovy.runtime.InvokerHelper.invokeMethod(InvokerHelper.java:628)
	at org.codehaus.groovy.runtime.InvokerHelper.invokeMethodSafe(InvokerHelper.java:82)
	at nextflow.processor.TaskPollingMonitor$_checkTaskStatus_lambda8.doCall(TaskPollingMonitor.groovy:726)
	at java.base/java.util.concurrent.Executors$RunnableAdapter.call(Executors.java:572)
	at java.base/java.util.concurrent.FutureTask.run(FutureTask.java:317)
	at java.base/java.util.concurrent.ThreadPoolExecutor.runWorker(ThreadPoolExecutor.java:1144)
	at java.base/java.util.concurrent.ThreadPoolExecutor$Worker.run(ThreadPoolExecutor.java:642)
	at java.base/java.lang.Thread.run(Thread.java:1583)
Jan-12 18:38:08.288 [main] DEBUG nextflow.cache.CacheDB - Closing CacheDB done
Jan-12 18:38:08.346 [main] DEBUG nextflow.script.ScriptRunner - > Execution complete -- Goodbye
